update.go:85: cannot change mount namespace according to change mount (/var/lib/snapd/hostfs/usr/share/gimp/2.0/help /usr/share/gimp/2.0/help none bind,ro 0 0): cannot open directory "/var/lib": permission denied
update.go:85: cannot change mount namespace according to change mount (/var/lib/snapd/hostfs/usr/share/xubuntu-docs /usr/share/xubuntu-docs none bind,ro 0 0): cannot open directory "/var/lib": permission denied
1682652569276	geckodriver	INFO	Listening on 127.0.0.1:41553
1682652579829	mozrunner::runner	INFO	Running command: "/snap/firefox/current/firefox.launcher" "--marionette" "--remote-debugging-port" "42731" "--remote-allow-hosts" "localhost" "-no-remote" "-profile" "/tmp/rust_mozprofilekXZIXV"
Gtk-Message: 08:59:40.110: Not loading module "atk-bridge": The functionality is provided by GTK natively. Please try to not load it.
console.warn: services.settings: Ignoring preference override of remote settings server
console.warn: services.settings: Allow by setting MOZ_REMOTE_SETTINGS_DEVTOOLS=1 in the environment
ATTENTION: default value of option mesa_glthread overridden by environment.
ATTENTION: default value of option mesa_glthread overridden by environment.
amdgpu: os_same_file_description couldn't determine if two DRM fds reference the same file description.
If they do, bad things may happen!
1682652601721	Marionette	INFO	Marionette enabled
1682652601727	Marionette	INFO	Listening on port 43421
Read port: 43421
ATTENTION: default value of option mesa_glthread overridden by environment.
Read port: 43421
WebDriver BiDi listening on ws://127.0.0.1:42731
Read port: 43421
Read port: 43421
1682652615392	RemoteAgent	WARN	TLS certificate errors will be ignored for this session
console.error: Region.sys.mjs: "Error fetching region" (new Error("TIMEOUT", "resource://gre/modules/Region.sys.mjs", 762))
console.error: Region.sys.mjs: "Failed to fetch region" (new Error("TIMEOUT", "resource://gre/modules/Region.sys.mjs", 414))
console.error: ({})
console.warn: SearchSettings: "get: No settings file exists, new profile?" (new NotFoundError("Could not open the file at /tmp/rust_mozprofilekXZIXV/search.json.mozlz4", (void 0)))
[ERROR glean_core] Error setting metrics feature config: Json(Error("EOF while parsing a value", line: 1, column: 0))
DevTools listening on ws://127.0.0.1:42731/devtools/browser/5512be0d-c01f-40c2-9f88-0878b5534676
console.error: (new TypeError("this._searchProviderInfo is null", "resource:///modules/SearchSERPTelemetry.sys.mjs", 488))
ALSA lib conf.c:4120:(snd_config_update_r) Cannot access file /usr/share/alsa/alsa.conf
ALSA lib seq.c:935:(snd_seq_open_noupdate) Unknown SEQ default
